2023-07-04 17:01:34.777211: I tensorflow/core/platform/cpu_feature_guard.cc:182] This TensorFlow binary is optimized to use available CPU instructions in performance-critical operations.
To enable the following instructions: AVX2 AVX512F FMA, in other operations, rebuild TensorFlow with the appropriate compiler flags.
2023-07-04 17:01:35.974408: W tensorflow/compiler/tf2tensorrt/utils/py_utils.cc:38] TF-TRT Warning: Could not find TensorRT
INFO:rademacher:=============== Model ID: 1 | START ===============
INFO:rademacher:Train - Epoch: 1, Loss: -0.261245, Metrics:
INFO:rademacher:Validate - Epoch: 1, Loss: -0.261245, Metrics:
INFO:rademacher:Train - Epoch: 2, Loss: -0.314982, Metrics:
INFO:rademacher:Validate - Epoch: 2, Loss: -0.314982, Metrics:
INFO:rademacher:Train - Epoch: 3, Loss: -0.367372, Metrics:
INFO:rademacher:Validate - Epoch: 3, Loss: -0.367372, Metrics:
INFO:rademacher:Train - Epoch: 4, Loss: -0.417508, Metrics:
INFO:rademacher:Validate - Epoch: 4, Loss: -0.417508, Metrics:
INFO:rademacher:Train - Epoch: 5, Loss: -0.466775, Metrics:
INFO:rademacher:Validate - Epoch: 5, Loss: -0.466775, Metrics:
INFO:rademacher:Train - Epoch: 6, Loss: -0.515672, Metrics:
INFO:rademacher:Validate - Epoch: 6, Loss: -0.515672, Metrics:
INFO:rademacher:Train - Epoch: 7, Loss: -0.562651, Metrics:
INFO:rademacher:Validate - Epoch: 7, Loss: -0.562651, Metrics:
INFO:rademacher:Train - Epoch: 8, Loss: -0.605658, Metrics:
INFO:rademacher:Validate - Epoch: 8, Loss: -0.605658, Metrics:
INFO:rademacher:Train - Epoch: 9, Loss: -0.643194, Metrics:
INFO:rademacher:Validate - Epoch: 9, Loss: -0.643194, Metrics:
INFO:rademacher:Train - Epoch: 10, Loss: -0.675157, Metrics:
INFO:rademacher:Validate - Epoch: 10, Loss: -0.675157, Metrics:
INFO:rademacher:Train - Epoch: 11, Loss: -0.703062, Metrics:
INFO:rademacher:Validate - Epoch: 11, Loss: -0.703062, Metrics:
INFO:rademacher:Train - Epoch: 12, Loss: -0.728864, Metrics:
INFO:rademacher:Validate - Epoch: 12, Loss: -0.728864, Metrics:
INFO:rademacher:Train - Epoch: 13, Loss: -0.753981, Metrics:
INFO:rademacher:Validate - Epoch: 13, Loss: -0.753981, Metrics:
INFO:rademacher:Train - Epoch: 14, Loss: -0.779388, Metrics:
INFO:rademacher:Validate - Epoch: 14, Loss: -0.779388, Metrics:
INFO:rademacher:Train - Epoch: 15, Loss: -0.805891, Metrics:
INFO:rademacher:Validate - Epoch: 15, Loss: -0.805891, Metrics:
INFO:rademacher:Train - Epoch: 16, Loss: -0.834305, Metrics:
INFO:rademacher:Validate - Epoch: 16, Loss: -0.834305, Metrics:
INFO:rademacher:Train - Epoch: 17, Loss: -0.865397, Metrics:
INFO:rademacher:Validate - Epoch: 17, Loss: -0.865397, Metrics:
INFO:rademacher:Train - Epoch: 18, Loss: -0.899378, Metrics:
INFO:rademacher:Validate - Epoch: 18, Loss: -0.899378, Metrics:
INFO:rademacher:Train - Epoch: 19, Loss: -0.935491, Metrics:
INFO:rademacher:Validate - Epoch: 19, Loss: -0.935491, Metrics:
INFO:rademacher:Train - Epoch: 20, Loss: -0.972292, Metrics:
INFO:rademacher:Validate - Epoch: 20, Loss: -0.972292, Metrics:
INFO:rademacher:Train - Epoch: 21, Loss: -1.008346, Metrics:
INFO:rademacher:Validate - Epoch: 21, Loss: -1.008346, Metrics:
INFO:rademacher:Train - Epoch: 22, Loss: -1.042851, Metrics:
INFO:rademacher:Validate - Epoch: 22, Loss: -1.042851, Metrics:
INFO:rademacher:Train - Epoch: 23, Loss: -1.075726, Metrics:
INFO:rademacher:Validate - Epoch: 23, Loss: -1.075726, Metrics:
INFO:rademacher:Train - Epoch: 24, Loss: -1.107110, Metrics:
INFO:rademacher:Validate - Epoch: 24, Loss: -1.107110, Metrics:
INFO:rademacher:Train - Epoch: 25, Loss: -1.137044, Metrics:
INFO:rademacher:Validate - Epoch: 25, Loss: -1.137044, Metrics:
INFO:rademacher:Train - Epoch: 26, Loss: -1.165746, Metrics:
INFO:rademacher:Validate - Epoch: 26, Loss: -1.165746, Metrics:
INFO:rademacher:Train - Epoch: 27, Loss: -1.193964, Metrics:
INFO:rademacher:Validate - Epoch: 27, Loss: -1.193964, Metrics:
INFO:rademacher:Train - Epoch: 28, Loss: -1.222841, Metrics:
INFO:rademacher:Validate - Epoch: 28, Loss: -1.222841, Metrics:
INFO:rademacher:Train - Epoch: 29, Loss: -1.253204, Metrics:
INFO:rademacher:Validate - Epoch: 29, Loss: -1.253204, Metrics:
INFO:rademacher:Train - Epoch: 30, Loss: -1.285040, Metrics:
INFO:rademacher:Validate - Epoch: 30, Loss: -1.285040, Metrics:
INFO:rademacher:Train - Epoch: 31, Loss: -1.317730, Metrics:
INFO:rademacher:Validate - Epoch: 31, Loss: -1.317730, Metrics:
INFO:rademacher:Train - Epoch: 32, Loss: -1.350657, Metrics:
INFO:rademacher:Validate - Epoch: 32, Loss: -1.350657, Metrics:
INFO:rademacher:Train - Epoch: 33, Loss: -1.383466, Metrics:
INFO:rademacher:Validate - Epoch: 33, Loss: -1.383466, Metrics:
INFO:rademacher:Train - Epoch: 34, Loss: -1.415802, Metrics:
INFO:rademacher:Validate - Epoch: 34, Loss: -1.415802, Metrics:
INFO:rademacher:Train - Epoch: 35, Loss: -1.447192, Metrics:
INFO:rademacher:Validate - Epoch: 35, Loss: -1.447192, Metrics:
INFO:rademacher:Train - Epoch: 36, Loss: -1.477462, Metrics:
INFO:rademacher:Validate - Epoch: 36, Loss: -1.477462, Metrics:
INFO:rademacher:Train - Epoch: 37, Loss: -1.507072, Metrics:
INFO:rademacher:Validate - Epoch: 37, Loss: -1.507072, Metrics:
INFO:rademacher:Train - Epoch: 38, Loss: -1.536779, Metrics:
INFO:rademacher:Validate - Epoch: 38, Loss: -1.536779, Metrics:
INFO:rademacher:Train - Epoch: 39, Loss: -1.567022, Metrics:
INFO:rademacher:Validate - Epoch: 39, Loss: -1.567022, Metrics:
INFO:rademacher:Train - Epoch: 40, Loss: -1.597831, Metrics:
INFO:rademacher:Validate - Epoch: 40, Loss: -1.597831, Metrics:
INFO:rademacher:Train - Epoch: 41, Loss: -1.629151, Metrics:
INFO:rademacher:Validate - Epoch: 41, Loss: -1.629151, Metrics:
INFO:rademacher:Train - Epoch: 42, Loss: -1.660885, Metrics:
INFO:rademacher:Validate - Epoch: 42, Loss: -1.660885, Metrics:
INFO:rademacher:Train - Epoch: 43, Loss: -1.692647, Metrics:
INFO:rademacher:Validate - Epoch: 43, Loss: -1.692647, Metrics:
INFO:rademacher:Train - Epoch: 44, Loss: -1.723923, Metrics:
INFO:rademacher:Validate - Epoch: 44, Loss: -1.723923, Metrics:
INFO:rademacher:Train - Epoch: 45, Loss: -1.754558, Metrics:
INFO:rademacher:Validate - Epoch: 45, Loss: -1.754558, Metrics:
INFO:rademacher:Train - Epoch: 46, Loss: -1.784819, Metrics:
INFO:rademacher:Validate - Epoch: 46, Loss: -1.784819, Metrics:
INFO:rademacher:Train - Epoch: 47, Loss: -1.814990, Metrics:
INFO:rademacher:Validate - Epoch: 47, Loss: -1.814990, Metrics:
INFO:rademacher:Train - Epoch: 48, Loss: -1.845246, Metrics:
INFO:rademacher:Validate - Epoch: 48, Loss: -1.845246, Metrics:
INFO:rademacher:Train - Epoch: 49, Loss: -1.875808, Metrics:
INFO:rademacher:Validate - Epoch: 49, Loss: -1.875808, Metrics:
INFO:rademacher:Train - Epoch: 50, Loss: -1.906787, Metrics:
INFO:rademacher:Validate - Epoch: 50, Loss: -1.906787, Metrics:
INFO:rademacher:Train - Epoch: 51, Loss: -1.937943, Metrics:
INFO:rademacher:Validate - Epoch: 51, Loss: -1.937943, Metrics:
INFO:rademacher:Train - Epoch: 52, Loss: -1.968936, Metrics:
INFO:rademacher:Validate - Epoch: 52, Loss: -1.968936, Metrics:
INFO:rademacher:Train - Epoch: 53, Loss: -1.999659, Metrics:
INFO:rademacher:Validate - Epoch: 53, Loss: -1.999659, Metrics:
INFO:rademacher:Train - Epoch: 54, Loss: -2.030138, Metrics:
INFO:rademacher:Validate - Epoch: 54, Loss: -2.030138, Metrics:
INFO:rademacher:Train - Epoch: 55, Loss: -2.060416, Metrics:
INFO:rademacher:Validate - Epoch: 55, Loss: -2.060416, Metrics:
INFO:rademacher:Train - Epoch: 56, Loss: -2.090692, Metrics:
INFO:rademacher:Validate - Epoch: 56, Loss: -2.090692, Metrics:
INFO:rademacher:Train - Epoch: 57, Loss: -2.121194, Metrics:
INFO:rademacher:Validate - Epoch: 57, Loss: -2.121194, Metrics:
INFO:rademacher:Train - Epoch: 58, Loss: -2.151895, Metrics:
INFO:rademacher:Validate - Epoch: 58, Loss: -2.151895, Metrics:
INFO:rademacher:Train - Epoch: 59, Loss: -2.182641, Metrics:
INFO:rademacher:Validate - Epoch: 59, Loss: -2.182641, Metrics:
INFO:rademacher:Train - Epoch: 60, Loss: -2.213339, Metrics:
INFO:rademacher:Validate - Epoch: 60, Loss: -2.213339, Metrics:
INFO:rademacher:Train - Epoch: 61, Loss: -2.243882, Metrics:
INFO:rademacher:Validate - Epoch: 61, Loss: -2.243882, Metrics:
INFO:rademacher:Train - Epoch: 62, Loss: -2.274230, Metrics:
INFO:rademacher:Validate - Epoch: 62, Loss: -2.274230, Metrics:
INFO:rademacher:Train - Epoch: 63, Loss: -2.304531, Metrics:
INFO:rademacher:Validate - Epoch: 63, Loss: -2.304531, Metrics:
INFO:rademacher:Train - Epoch: 64, Loss: -2.334915, Metrics:
INFO:rademacher:Validate - Epoch: 64, Loss: -2.334915, Metrics:
INFO:rademacher:Train - Epoch: 65, Loss: -2.365390, Metrics:
INFO:rademacher:Validate - Epoch: 65, Loss: -2.365390, Metrics:
INFO:rademacher:Train - Epoch: 66, Loss: -2.395945, Metrics:
INFO:rademacher:Validate - Epoch: 66, Loss: -2.395945, Metrics:
INFO:rademacher:Train - Epoch: 67, Loss: -2.426496, Metrics:
INFO:rademacher:Validate - Epoch: 67, Loss: -2.426496, Metrics:
INFO:rademacher:Train - Epoch: 68, Loss: -2.456929, Metrics:
INFO:rademacher:Validate - Epoch: 68, Loss: -2.456929, Metrics:
INFO:rademacher:Train - Epoch: 69, Loss: -2.487266, Metrics:
INFO:rademacher:Validate - Epoch: 69, Loss: -2.487266, Metrics:
INFO:rademacher:Train - Epoch: 70, Loss: -2.517575, Metrics:
INFO:rademacher:Validate - Epoch: 70, Loss: -2.517575, Metrics:
INFO:rademacher:Train - Epoch: 71, Loss: -2.547903, Metrics:
INFO:rademacher:Validate - Epoch: 71, Loss: -2.547903, Metrics:
INFO:rademacher:Train - Epoch: 72, Loss: -2.578306, Metrics:
INFO:rademacher:Validate - Epoch: 72, Loss: -2.578306, Metrics:
INFO:rademacher:Train - Epoch: 73, Loss: -2.608745, Metrics:
INFO:rademacher:Validate - Epoch: 73, Loss: -2.608745, Metrics:
INFO:rademacher:Train - Epoch: 74, Loss: -2.639142, Metrics:
INFO:rademacher:Validate - Epoch: 74, Loss: -2.639142, Metrics:
INFO:rademacher:Train - Epoch: 75, Loss: -2.669484, Metrics:
INFO:rademacher:Validate - Epoch: 75, Loss: -2.669484, Metrics:
INFO:rademacher:Train - Epoch: 76, Loss: -2.699770, Metrics:
INFO:rademacher:Validate - Epoch: 76, Loss: -2.699770, Metrics:
INFO:rademacher:Train - Epoch: 77, Loss: -2.730046, Metrics:
INFO:rademacher:Validate - Epoch: 77, Loss: -2.730046, Metrics:
INFO:rademacher:Train - Epoch: 78, Loss: -2.760364, Metrics:
INFO:rademacher:Validate - Epoch: 78, Loss: -2.760364, Metrics:
INFO:rademacher:Train - Epoch: 79, Loss: -2.790704, Metrics:
INFO:rademacher:Validate - Epoch: 79, Loss: -2.790704, Metrics:
INFO:rademacher:Train - Epoch: 80, Loss: -2.821040, Metrics:
INFO:rademacher:Validate - Epoch: 80, Loss: -2.821040, Metrics:
INFO:rademacher:Train - Epoch: 81, Loss: -2.851340, Metrics:
INFO:rademacher:Validate - Epoch: 81, Loss: -2.851340, Metrics:
INFO:rademacher:Train - Epoch: 82, Loss: -2.881595, Metrics:
INFO:rademacher:Validate - Epoch: 82, Loss: -2.881595, Metrics:
INFO:rademacher:Train - Epoch: 83, Loss: -2.911845, Metrics:
INFO:rademacher:Validate - Epoch: 83, Loss: -2.911845, Metrics:
INFO:rademacher:Train - Epoch: 84, Loss: -2.942107, Metrics:
INFO:rademacher:Validate - Epoch: 84, Loss: -2.942107, Metrics:
INFO:rademacher:Train - Epoch: 85, Loss: -2.972386, Metrics:
INFO:rademacher:Validate - Epoch: 85, Loss: -2.972386, Metrics:
INFO:rademacher:Train - Epoch: 86, Loss: -3.002663, Metrics:
INFO:rademacher:Validate - Epoch: 86, Loss: -3.002663, Metrics:
INFO:rademacher:Train - Epoch: 87, Loss: -3.032909, Metrics:
INFO:rademacher:Validate - Epoch: 87, Loss: -3.032909, Metrics:
INFO:rademacher:Train - Epoch: 88, Loss: -3.063134, Metrics:
INFO:rademacher:Validate - Epoch: 88, Loss: -3.063134, Metrics:
INFO:rademacher:Train - Epoch: 89, Loss: -3.093349, Metrics:
INFO:rademacher:Validate - Epoch: 89, Loss: -3.093349, Metrics:
INFO:rademacher:Train - Epoch: 90, Loss: -3.123576, Metrics:
INFO:rademacher:Validate - Epoch: 90, Loss: -3.123576, Metrics:
INFO:rademacher:Train - Epoch: 91, Loss: -3.153809, Metrics:
INFO:rademacher:Validate - Epoch: 91, Loss: -3.153809, Metrics:
INFO:rademacher:Train - Epoch: 92, Loss: -3.184031, Metrics:
INFO:rademacher:Validate - Epoch: 92, Loss: -3.184031, Metrics:
INFO:rademacher:Train - Epoch: 93, Loss: -3.214236, Metrics:
INFO:rademacher:Validate - Epoch: 93, Loss: -3.214236, Metrics:
INFO:rademacher:Train - Epoch: 94, Loss: -3.244424, Metrics:
INFO:rademacher:Validate - Epoch: 94, Loss: -3.244424, Metrics:
INFO:rademacher:Train - Epoch: 95, Loss: -3.274614, Metrics:
INFO:rademacher:Validate - Epoch: 95, Loss: -3.274614, Metrics:
